  charger.cpp
C:\Users\Victorin\source\repos\charger\charger\charger.cpp(21,15): warning C4244: 'argument' : conversion de 'time_t' en 'unsigned int', perte possible de données
C:\Users\Victorin\source\repos\charger\charger\charger.cpp(53,55): warning C4244: 'argument' : conversion de 'int' en 'T', perte possible de données
          with
          [
              T=float
          ]
C:\Users\Victorin\source\repos\charger\charger\charger.cpp(53,42): warning C4244: 'argument' : conversion de 'int' en 'T', perte possible de données
          with
          [
              T=float
          ]
C:\Users\Victorin\source\repos\charger\charger\charger.cpp(59,70): warning C4244: 'argument' : conversion de 'double' en 'T', perte possible de données
          with
          [
              T=float
          ]
C:\Users\Victorin\source\repos\charger\charger\charger.cpp(59,46): warning C4244: 'argument' : conversion de 'int' en 'T', perte possible de données
          with
          [
              T=float
          ]
C:\Users\Victorin\source\repos\charger\charger\charger.cpp(61,41): warning C4244: 'argument' : conversion de 'int' en 'float', perte possible de données
C:\Users\Victorin\source\repos\charger\charger\charger.cpp(66,71): warning C4244: 'argument' : conversion de 'double' en 'T', perte possible de données
          with
          [
              T=float
          ]
C:\Users\Victorin\source\repos\charger\charger\charger.cpp(66,46): warning C4244: 'argument' : conversion de 'int' en 'T', perte possible de données
          with
          [
              T=float
          ]
C:\Users\Victorin\source\repos\charger\charger\charger.cpp(68,41): warning C4244: 'argument' : conversion de 'int' en 'float', perte possible de données
C:\Users\Victorin\source\repos\charger\charger\charger.cpp(73,77): warning C4244: 'argument' : conversion de 'int' en 'float', perte possible de données
C:\Users\Victorin\source\repos\charger\charger\charger.cpp(73,72): warning C4244: 'argument' : conversion de 'int' en 'float', perte possible de données
  charger.vcxproj -> C:\Users\Victorin\source\repos\charger\x64\Debug\charger.exe
